# JRE version: OpenJDK Runtime Environment (8.0_362-b09) (build 1.8.0_362-b09)
# Java VM: OpenJDK 64-Bit Server VM (25.362-b09 mixed mode windows-amd64 compressed oops)
Heap:
 PSYoungGen      total 71680K, used 22439K [0x00000000d5d00000, 0x00000000dfd00000, 0x0000000100000000)
  eden space 66560K, 33% used [0x00000000d5d00000,0x00000000d72e9d30,0x00000000d9e00000)
  from space 5120K, 0% used [0x00000000d9e00000,0x00000000d9e00000,0x00000000da300000)
  to   space 15360K, 0% used [0x00000000dee00000,0x00000000dee00000,0x00000000dfd00000)
 ParOldGen       total 84480K, used 23706K [0x0000000081600000, 0x0000000086880000, 0x00000000d5d00000)
  object space 84480K, 28% used [0x0000000081600000,0x0000000082d26918,0x0000000086880000)
 Metaspace       used 22020K, capacity 22360K, committed 22656K, reserved 1069056K
  class space    used 2765K, capacity 2878K, committed 2944K, reserved 1048576K
GC Heap History (10 events):
Event: 3.210 GC heap before
{Heap before GC invocations=2 (full 0):
 PSYoungGen      total 38400K, used 38376K [0x00000000d5d00000, 0x00000000d8780000, 0x0000000100000000)
  eden space 33280K, 100% used [0x00000000d5d00000,0x00000000d7d80000,0x00000000d7d80000)
  from space 5120K, 99% used [0x00000000d7d80000,0x00000000d827a2a0,0x00000000d8280000)
  to   space 5120K, 0% used [0x00000000d8280000,0x00000000d8280000,0x00000000d8780000)
 ParOldGen       total 87552K, used 811K [0x0000000081600000, 0x0000000086b80000, 0x00000000d5d00000)
  object space 87552K, 0% used [0x0000000081600000,0x00000000816cae30,0x0000000086b80000)
 Metaspace       used 10052K, capacity 10192K, committed 10368K, reserved 1058816K
  class space    used 1195K, capacity 1288K, committed 1408K, reserved 1048576K
Event: 3.255 GC heap after
Heap after GC invocations=2 (full 0):
 PSYoungGen      total 38400K, used 5106K [0x00000000d5d00000, 0x00000000da800000, 0x0000000100000000)
  eden space 33280K, 0% used [0x00000000d5d00000,0x00000000d5d00000,0x00000000d7d80000)
  from space 5120K, 99% used [0x00000000d8280000,0x00000000d877c808,0x00000000d8780000)
  to   space 5120K, 0% used [0x00000000d7d80000,0x00000000d7d80000,0x00000000d8280000)
 ParOldGen       total 87552K, used 9206K [0x0000000081600000, 0x0000000086b80000, 0x00000000d5d00000)
  object space 87552K, 10% used [0x0000000081600000,0x0000000081efda58,0x0000000086b80000)
 Metaspace       used 10052K, capacity 10192K, committed 10368K, reserved 1058816K
  class space    used 1195K, capacity 1288K, committed 1408K, reserved 1048576K
}
Event: 4.732 GC heap before
{Heap before GC invocations=3 (full 0):
 PSYoungGen      total 38400K, used 38386K [0x00000000d5d00000, 0x00000000da800000, 0x0000000100000000)
  eden space 33280K, 100% used [0x00000000d5d00000,0x00000000d7d80000,0x00000000d7d80000)
  from space 5120K, 99% used [0x00000000d8280000,0x00000000d877c808,0x00000000d8780000)
  to   space 5120K, 0% used [0x00000000d7d80000,0x00000000d7d80000,0x00000000d8280000)
 ParOldGen       total 87552K, used 9206K [0x0000000081600000, 0x0000000086b80000, 0x00000000d5d00000)
  object space 87552K, 10% used [0x0000000081600000,0x0000000081efda58,0x0000000086b80000)
 Metaspace       used 13625K, capacity 13820K, committed 14080K, reserved 1060864K
  class space    used 1691K, capacity 1770K, committed 1792K, reserved 1048576K
Event: 4.766 GC heap after
Heap after GC invocations=3 (full 0):
 PSYoungGen      total 38400K, used 5088K [0x00000000d5d00000, 0x00000000da800000, 0x0000000100000000)
  eden space 33280K, 0% used [0x00000000d5d00000,0x00000000d5d00000,0x00000000d7d80000)
  from space 5120K, 99% used [0x00000000d7d80000,0x00000000d8278010,0x00000000d8280000)
  to   space 5120K, 0% used [0x00000000da300000,0x00000000da300000,0x00000000da800000)
 ParOldGen       total 87552K, used 15921K [0x0000000081600000, 0x0000000086b80000, 0x00000000d5d00000)
  object space 87552K, 18% used [0x0000000081600000,0x000000008258c750,0x0000000086b80000)
 Metaspace       used 13625K, capacity 13820K, committed 14080K, reserved 1060864K
  class space    used 1691K, capacity 1770K, committed 1792K, reserved 1048576K
}
Event: 6.947 GC heap before
{Heap before GC invocations=4 (full 0):
 PSYoungGen      total 38400K, used 38368K [0x00000000d5d00000, 0x00000000da800000, 0x0000000100000000)
  eden space 33280K, 100% used [0x00000000d5d00000,0x00000000d7d80000,0x00000000d7d80000)
  from space 5120K, 99% used [0x00000000d7d80000,0x00000000d8278010,0x00000000d8280000)
  to   space 5120K, 0% used [0x00000000da300000,0x00000000da300000,0x00000000da800000)
 ParOldGen       total 87552K, used 15921K [0x0000000081600000, 0x0000000086b80000, 0x00000000d5d00000)
  object space 87552K, 18% used [0x0000000081600000,0x000000008258c750,0x0000000086b80000)
 Metaspace       used 18240K, capacity 18450K, committed 18816K, reserved 1064960K
  class space    used 2312K, capacity 2387K, committed 2432K, reserved 1048576K
Event: 6.994 GC heap after
Heap after GC invocations=4 (full 0):
 PSYoungGen      total 71680K, used 5104K [0x00000000d5d00000, 0x00000000da800000, 0x0000000100000000)
  eden space 66560K, 0% used [0x00000000d5d00000,0x00000000d5d00000,0x00000000d9e00000)
  from space 5120K, 99% used [0x00000000da300000,0x00000000da7fc020,0x00000000da800000)
  to   space 5120K, 0% used [0x00000000d9e00000,0x00000000d9e00000,0x00000000da300000)
 ParOldGen       total 87552K, used 22726K [0x0000000081600000, 0x0000000086b80000, 0x00000000d5d00000)
  object space 87552K, 25% used [0x0000000081600000,0x0000000082c318a8,0x0000000086b80000)
 Metaspace       used 18240K, capacity 18450K, committed 18816K, reserved 1064960K
  class space    used 2312K, capacity 2387K, committed 2432K, reserved 1048576K
}
Event: 9.654 GC heap before
{Heap before GC invocations=5 (full 0):
 PSYoungGen      total 71680K, used 35406K [0x00000000d5d00000, 0x00000000da800000, 0x0000000100000000)
  eden space 66560K, 45% used [0x00000000d5d00000,0x00000000d7a97bc8,0x00000000d9e00000)
  from space 5120K, 99% used [0x00000000da300000,0x00000000da7fc020,0x00000000da800000)
  to   space 5120K, 0% used [0x00000000d9e00000,0x00000000d9e00000,0x00000000da300000)
 ParOldGen       total 87552K, used 22726K [0x0000000081600000, 0x0000000086b80000, 0x00000000d5d00000)
  object space 87552K, 25% used [0x0000000081600000,0x0000000082c318a8,0x0000000086b80000)
 Metaspace       used 20887K, capacity 21172K, committed 21248K, reserved 1067008K
  class space    used 2644K, capacity 2744K, committed 2816K, reserved 1048576K
Event: 9.701 GC heap after
Heap after GC invocations=5 (full 0):
 PSYoungGen      total 71680K, used 5104K [0x00000000d5d00000, 0x00000000dfd00000, 0x0000000100000000)
  eden space 66560K, 0% used [0x00000000d5d00000,0x00000000d5d00000,0x00000000d9e00000)
  from space 5120K, 99% used [0x00000000d9e00000,0x00000000da2fc030,0x00000000da300000)
  to   space 15360K, 0% used [0x00000000dee00000,0x00000000dee00000,0x00000000dfd00000)
 ParOldGen       total 87552K, used 27128K [0x0000000081600000, 0x0000000086b80000, 0x00000000d5d00000)
  object space 87552K, 30% used [0x0000000081600000,0x000000008307e2a8,0x0000000086b80000)
 Metaspace       used 20887K, capacity 21172K, committed 21248K, reserved 1067008K
  class space    used 2644K, capacity 2744K, committed 2816K, reserved 1048576K
}
Event: 9.701 GC heap before
{Heap before GC invocations=6 (full 1):
 PSYoungGen      total 71680K, used 5104K [0x00000000d5d00000, 0x00000000dfd00000, 0x0000000100000000)
  eden space 66560K, 0% used [0x00000000d5d00000,0x00000000d5d00000,0x00000000d9e00000)
  from space 5120K, 99% used [0x00000000d9e00000,0x00000000da2fc030,0x00000000da300000)
  to   space 15360K, 0% used [0x00000000dee00000,0x00000000dee00000,0x00000000dfd00000)
 ParOldGen       total 87552K, used 27128K [0x0000000081600000, 0x0000000086b80000, 0x00000000d5d00000)
  object space 87552K, 30% used [0x0000000081600000,0x000000008307e2a8,0x0000000086b80000)
 Metaspace       used 20887K, capacity 21172K, committed 21248K, reserved 1067008K
  class space    used 2644K, capacity 2744K, committed 2816K, reserved 1048576K
Event: 9.928 GC heap after
Heap after GC invocations=6 (full 1):
 PSYoungGen      total 71680K, used 0K [0x00000000d5d00000, 0x00000000dfd00000, 0x0000000100000000)
  eden space 66560K, 0% used [0x00000000d5d00000,0x00000000d5d00000,0x00000000d9e00000)
  from space 5120K, 0% used [0x00000000d9e00000,0x00000000d9e00000,0x00000000da300000)
  to   space 15360K, 0% used [0x00000000dee00000,0x00000000dee00000,0x00000000dfd00000)
 ParOldGen       total 84480K, used 23706K [0x0000000081600000, 0x0000000086880000, 0x00000000d5d00000)
  object space 84480K, 28% used [0x0000000081600000,0x0000000082d26918,0x0000000086880000)
 Metaspace       used 20887K, capacity 21172K, committed 21248K, reserved 1067008K
  class space    used 2644K, capacity 2744K, committed 2816K, reserved 1048576K
}

